{"uid":"18da6c29e5410d43","name":"Проверка возвращения на страницу товаров","fullName":"tests.CartTest.checkContinueShopping","historyId":"18784c1786847b993fc323ea6260ddeb","time":{"start":1757004751063,"stop":1757004751985,"duration":922},"description":"Тест возвращения на страницу товаров","descriptionHtml":"<p>Тест возвращения на страницу товаров</p>\n","status":"broken","statusMessage":"invalid selector: Unable to locate an element with the xpath expression Sauce Labs Backpack because of the following error:\nSyntaxError: Failed to execute 'evaluate' on 'Document': The string 'Sauce Labs Backpack' is not a valid XPath expression.\n  (Session info: chrome=139.0.7258.154)\nFor documentation on this error, please visit: https://www.selenium.dev/documentation/webdriver/troubleshooting/errors#invalid-selector-exception\nBuild info: version: '4.35.0', revision: '1c58e5028b'\nSystem info: os.name: 'Linux', os.arch: 'amd64', os.version: '6.11.0-1018-azure', java.version: '17.0.16'\nDriver info: org.openqa.selenium.chrome.ChromeDriver\nCommand: [8d4ad1212d1ebb1240f0f0ace2a90d6e, findElement {using=xpath, value=Sauce Labs Backpack}]\nCapabilities {acceptInsecureCerts: false, browserName: chrome, browserVersion: 139.0.7258.154, chrome: {chromedriverVersion: 139.0.7258.154 (9e0d6b2b47f..., userDataDir: /tmp/.org.chromium.Chromium...}, fedcm:accounts: true, goog:chromeOptions: {debuggerAddress: localhost:46437}, networkConnectionEnabled: false, pageLoadStrategy: normal, platformName: linux, proxy: Proxy(), se:cdp: ws://localhost:46437/devtoo..., se:cdpVersion: 139.0.7258.154, setWindowRect: true, strictFileInteractability: false, timeouts: {implicit: 0, pageLoad: 300000, script: 30000}, unhandledPromptBehavior: dismiss and notify, webauthn:extension:credBlob: true, webauthn:extension:largeBlob: true, webauthn:extension:minPinLength: true, webauthn:extension:prf: true, webauthn:virtualAuthenticators: true}\nSession ID: 8d4ad1212d1ebb1240f0f0ace2a90d6e","statusTrace":"org.openqa.selenium.InvalidSelectorException: invalid selector: Unable to locate an element with the xpath expression Sauce Labs Backpack because of the following error:\nSyntaxError: Failed to execute 'evaluate' on 'Document': The string 'Sauce Labs Backpack' is not a valid XPath expression.\n  (Session info: chrome=139.0.7258.154)\nFor documentation on this error, please visit: https://www.selenium.dev/documentation/webdriver/troubleshooting/errors#invalid-selector-exception\nBuild info: version: '4.35.0', revision: '1c58e5028b'\nSystem info: os.name: 'Linux', os.arch: 'amd64', os.version: '6.11.0-1018-azure', java.version: '17.0.16'\nDriver info: org.openqa.selenium.chrome.ChromeDriver\nCommand: [8d4ad1212d1ebb1240f0f0ace2a90d6e, findElement {using=xpath, value=Sauce Labs Backpack}]\nCapabilities {acceptInsecureCerts: false, browserName: chrome, browserVersion: 139.0.7258.154, chrome: {chromedriverVersion: 139.0.7258.154 (9e0d6b2b47f..., userDataDir: /tmp/.org.chromium.Chromium...}, fedcm:accounts: true, goog:chromeOptions: {debuggerAddress: localhost:46437}, networkConnectionEnabled: false, pageLoadStrategy: normal, platformName: linux, proxy: Proxy(), se:cdp: ws://localhost:46437/devtoo..., se:cdpVersion: 139.0.7258.154, setWindowRect: true, strictFileInteractability: false, timeouts: {implicit: 0, pageLoad: 300000, script: 30000}, unhandledPromptBehavior: dismiss and notify, webauthn:extension:credBlob: true, webauthn:extension:largeBlob: true, webauthn:extension:minPinLength: true, webauthn:extension:prf: true, webauthn:virtualAuthenticators: true}\nSession ID: 8d4ad1212d1ebb1240f0f0ace2a90d6e\n\tat java.base/jdk.internal.reflect.NativeConstructorAccessorImpl.newInstance0(Native Method)\n\tat java.base/jdk.internal.reflect.NativeConstructorAccessorImpl.newInstance(NativeConstructorAccessorImpl.java:77)\n\tat java.base/jdk.internal.reflect.DelegatingConstructorAccessorImpl.newInstance(DelegatingConstructorAccessorImpl.java:45)\n\tat java.base/java.lang.reflect.Constructor.newInstanceWithCaller(Constructor.java:500)\n\tat java.base/java.lang.reflect.Constructor.newInstance(Constructor.java:481)\n\tat org.openqa.selenium.remote.ErrorCodec.decode(ErrorCodec.java:167)\n\tat org.openqa.selenium.remote.codec.w3c.W3CHttpResponseCodec.decode(W3CHttpResponseCodec.java:138)\n\tat org.openqa.selenium.remote.codec.w3c.W3CHttpResponseCodec.decode(W3CHttpResponseCodec.java:50)\n\tat org.openqa.selenium.remote.HttpCommandExecutor.execute(HttpCommandExecutor.java:215)\n\tat org.openqa.selenium.remote.service.DriverCommandExecutor.invokeExecute(DriverCommandExecutor.java:216)\n\tat org.openqa.selenium.remote.service.DriverCommandExecutor.execute(DriverCommandExecutor.java:174)\n\tat org.openqa.selenium.remote.RemoteWebDriver.execute(RemoteWebDriver.java:557)\n\tat org.openqa.selenium.remote.ElementLocation$ElementFinder$2.findElement(ElementLocation.java:165)\n\tat org.openqa.selenium.remote.ElementLocation.findElement(ElementLocation.java:59)\n\tat org.openqa.selenium.remote.RemoteWebDriver.findElement(RemoteWebDriver.java:380)\n\tat org.openqa.selenium.remote.RemoteWebDriver.findElement(RemoteWebDriver.java:374)\n\tat pages.ProductsPage.addToCart(ProductsPage.java:79)\n\tat steps.ProductStep.checkContinue(ProductStep.java:34)\n\tat tests.CartTest.checkContinueShopping(CartTest.java:61)\n\tat java.base/jdk.internal.reflect.NativeMethodAccessorImpl.invoke0(Native Method)\n\tat java.base/jdk.internal.reflect.NativeMethodAccessorImpl.invoke(NativeMethodAccessorImpl.java:77)\n\tat java.base/jdk.internal.reflect.DelegatingMethodAccessorImpl.invoke(DelegatingMethodAccessorImpl.java:43)\n\tat java.base/java.lang.reflect.Method.invoke(Method.java:569)\n\tat org.testng.internal.invokers.MethodInvocationHelper.invokeMethod(MethodInvocationHelper.java:141)\n\tat org.testng.internal.invokers.TestInvoker.invokeMethod(TestInvoker.java:687)\n\tat org.testng.internal.invokers.TestInvoker.retryFailed(TestInvoker.java:269)\n\tat org.testng.internal.invokers.MethodRunner.runInSequence(MethodRunner.java:76)\n\tat org.testng.internal.invokers.TestInvoker$MethodInvocationAgent.invoke(TestInvoker.java:995)\n\tat org.testng.internal.invokers.TestInvoker.invokeTestMethods(TestInvoker.java:203)\n\tat org.testng.internal.invokers.TestMethodWorker.invokeTestMethods(TestMethodWorker.java:154)\n\tat org.testng.internal.invokers.TestMethodWorker.run(TestMethodWorker.java:134)\n\tat java.base/java.util.ArrayList.forEach(ArrayList.java:1511)\n\tat org.testng.TestRunner.privateRun(TestRunner.java:741)\n\tat org.testng.TestRunner.run(TestRunner.java:616)\n\tat org.testng.SuiteRunner.runTest(SuiteRunner.java:421)\n\tat org.testng.SuiteRunner$SuiteWorker.run(SuiteRunner.java:463)\n\tat org.testng.internal.thread.ThreadUtil.lambda$execute$0(ThreadUtil.java:64)\n\tat java.base/java.util.concurrent.FutureTask.run(FutureTask.java:264)\n\tat java.base/java.util.concurrent.ThreadPoolExecutor.runWorker(ThreadPoolExecutor.java:1136)\n\tat java.base/java.util.concurrent.ThreadPoolExecutor$Worker.run(ThreadPoolExecutor.java:635)\n\tat java.base/java.lang.Thread.run(Thread.java:840)\n","flaky":false,"newFailed":false,"newBroken":false,"newPassed":false,"retriesCount":3,"retriesStatusChange":true,"beforeStages":[{"name":"setup","time":{"start":1757004750675,"stop":1757004751060,"duration":385},"description":"","status":"passed","steps":[],"attachments":[],"parameters":[],"stepsCount":0,"shouldDisplayMessage":false,"attachmentsCount":0,"hasContent":false,"attachmentStep":false}],"testStage":{"description":"Тест возвращения на страницу товаров","status":"broken","statusMessage":"invalid selector: Unable to locate an element with the xpath expression Sauce Labs Backpack because of the following error:\nSyntaxError: Failed to execute 'evaluate' on 'Document': The string 'Sauce Labs Backpack' is not a valid XPath expression.\n  (Session info: chrome=139.0.7258.154)\nFor documentation on this error, please visit: https://www.selenium.dev/documentation/webdriver/troubleshooting/errors#invalid-selector-exception\nBuild info: version: '4.35.0', revision: '1c58e5028b'\nSystem info: os.name: 'Linux', os.arch: 'amd64', os.version: '6.11.0-1018-azure', java.version: '17.0.16'\nDriver info: org.openqa.selenium.chrome.ChromeDriver\nCommand: [8d4ad1212d1ebb1240f0f0ace2a90d6e, findElement {using=xpath, value=Sauce Labs Backpack}]\nCapabilities {acceptInsecureCerts: false, browserName: chrome, browserVersion: 139.0.7258.154, chrome: {chromedriverVersion: 139.0.7258.154 (9e0d6b2b47f..., userDataDir: /tmp/.org.chromium.Chromium...}, fedcm:accounts: true, goog:chromeOptions: {debuggerAddress: localhost:46437}, networkConnectionEnabled: false, pageLoadStrategy: normal, platformName: linux, proxy: Proxy(), se:cdp: ws://localhost:46437/devtoo..., se:cdpVersion: 139.0.7258.154, setWindowRect: true, strictFileInteractability: false, timeouts: {implicit: 0, pageLoad: 300000, script: 30000}, unhandledPromptBehavior: dismiss and notify, webauthn:extension:credBlob: true, webauthn:extension:largeBlob: true, webauthn:extension:minPinLength: true, webauthn:extension:prf: true, webauthn:virtualAuthenticators: true}\nSession ID: 8d4ad1212d1ebb1240f0f0ace2a90d6e","statusTrace":"org.openqa.selenium.InvalidSelectorException: invalid selector: Unable to locate an element with the xpath expression Sauce Labs Backpack because of the following error:\nSyntaxError: Failed to execute 'evaluate' on 'Document': The string 'Sauce Labs Backpack' is not a valid XPath expression.\n  (Session info: chrome=139.0.7258.154)\nFor documentation on this error, please visit: https://www.selenium.dev/documentation/webdriver/troubleshooting/errors#invalid-selector-exception\nBuild info: version: '4.35.0', revision: '1c58e5028b'\nSystem info: os.name: 'Linux', os.arch: 'amd64', os.version: '6.11.0-1018-azure', java.version: '17.0.16'\nDriver info: org.openqa.selenium.chrome.ChromeDriver\nCommand: [8d4ad1212d1ebb1240f0f0ace2a90d6e, findElement {using=xpath, value=Sauce Labs Backpack}]\nCapabilities {acceptInsecureCerts: false, browserName: chrome, browserVersion: 139.0.7258.154, chrome: {chromedriverVersion: 139.0.7258.154 (9e0d6b2b47f..., userDataDir: /tmp/.org.chromium.Chromium...}, fedcm:accounts: true, goog:chromeOptions: {debuggerAddress: localhost:46437}, networkConnectionEnabled: false, pageLoadStrategy: normal, platformName: linux, proxy: Proxy(), se:cdp: ws://localhost:46437/devtoo..., se:cdpVersion: 139.0.7258.154, setWindowRect: true, strictFileInteractability: false, timeouts: {implicit: 0, pageLoad: 300000, script: 30000}, unhandledPromptBehavior: dismiss and notify, webauthn:extension:credBlob: true, webauthn:extension:largeBlob: true, webauthn:extension:minPinLength: true, webauthn:extension:prf: true, webauthn:virtualAuthenticators: true}\nSession ID: 8d4ad1212d1ebb1240f0f0ace2a90d6e\n\tat java.base/jdk.internal.reflect.NativeConstructorAccessorImpl.newInstance0(Native Method)\n\tat java.base/jdk.internal.reflect.NativeConstructorAccessorImpl.newInstance(NativeConstructorAccessorImpl.java:77)\n\tat java.base/jdk.internal.reflect.DelegatingConstructorAccessorImpl.newInstance(DelegatingConstructorAccessorImpl.java:45)\n\tat java.base/java.lang.reflect.Constructor.newInstanceWithCaller(Constructor.java:500)\n\tat java.base/java.lang.reflect.Constructor.newInstance(Constructor.java:481)\n\tat org.openqa.selenium.remote.ErrorCodec.decode(ErrorCodec.java:167)\n\tat org.openqa.selenium.remote.codec.w3c.W3CHttpResponseCodec.decode(W3CHttpResponseCodec.java:138)\n\tat org.openqa.selenium.remote.codec.w3c.W3CHttpResponseCodec.decode(W3CHttpResponseCodec.java:50)\n\tat org.openqa.selenium.remote.HttpCommandExecutor.execute(HttpCommandExecutor.java:215)\n\tat org.openqa.selenium.remote.service.DriverCommandExecutor.invokeExecute(DriverCommandExecutor.java:216)\n\tat org.openqa.selenium.remote.service.DriverCommandExecutor.execute(DriverCommandExecutor.java:174)\n\tat org.openqa.selenium.remote.RemoteWebDriver.execute(RemoteWebDriver.java:557)\n\tat org.openqa.selenium.remote.ElementLocation$ElementFinder$2.findElement(ElementLocation.java:165)\n\tat org.openqa.selenium.remote.ElementLocation.findElement(ElementLocation.java:59)\n\tat org.openqa.selenium.remote.RemoteWebDriver.findElement(RemoteWebDriver.java:380)\n\tat org.openqa.selenium.remote.RemoteWebDriver.findElement(RemoteWebDriver.java:374)\n\tat pages.ProductsPage.addToCart(ProductsPage.java:79)\n\tat steps.ProductStep.checkContinue(ProductStep.java:34)\n\tat tests.CartTest.checkContinueShopping(CartTest.java:61)\n\tat java.base/jdk.internal.reflect.NativeMethodAccessorImpl.invoke0(Native Method)\n\tat java.base/jdk.internal.reflect.NativeMethodAccessorImpl.invoke(NativeMethodAccessorImpl.java:77)\n\tat java.base/jdk.internal.reflect.DelegatingMethodAccessorImpl.invoke(DelegatingMethodAccessorImpl.java:43)\n\tat java.base/java.lang.reflect.Method.invoke(Method.java:569)\n\tat org.testng.internal.invokers.MethodInvocationHelper.invokeMethod(MethodInvocationHelper.java:141)\n\tat org.testng.internal.invokers.TestInvoker.invokeMethod(TestInvoker.java:687)\n\tat org.testng.internal.invokers.TestInvoker.retryFailed(TestInvoker.java:269)\n\tat org.testng.internal.invokers.MethodRunner.runInSequence(MethodRunner.java:76)\n\tat org.testng.internal.invokers.TestInvoker$MethodInvocationAgent.invoke(TestInvoker.java:995)\n\tat org.testng.internal.invokers.TestInvoker.invokeTestMethods(TestInvoker.java:203)\n\tat org.testng.internal.invokers.TestMethodWorker.invokeTestMethods(TestMethodWorker.java:154)\n\tat org.testng.internal.invokers.TestMethodWorker.run(TestMethodWorker.java:134)\n\tat java.base/java.util.ArrayList.forEach(ArrayList.java:1511)\n\tat org.testng.TestRunner.privateRun(TestRunner.java:741)\n\tat org.testng.TestRunner.run(TestRunner.java:616)\n\tat org.testng.SuiteRunner.runTest(SuiteRunner.java:421)\n\tat org.testng.SuiteRunner$SuiteWorker.run(SuiteRunner.java:463)\n\tat org.testng.internal.thread.ThreadUtil.lambda$execute$0(ThreadUtil.java:64)\n\tat java.base/java.util.concurrent.FutureTask.run(FutureTask.java:264)\n\tat java.base/java.util.concurrent.ThreadPoolExecutor.runWorker(ThreadPoolExecutor.java:1136)\n\tat java.base/java.util.concurrent.ThreadPoolExecutor$Worker.run(ThreadPoolExecutor.java:635)\n\tat java.base/java.lang.Thread.run(Thread.java:840)\n","steps":[{"name":"Вход в магазин с именем 'standard_user' и паролем 'secret_sauce'","time":{"start":1757004751449,"stop":1757004751955,"duration":506},"status":"passed","steps":[],"attachments":[{"uid":"36000dfe2154805a","name":"screenshot","source":"36000dfe2154805a.png","type":"image/png","size":74351}],"parameters":[{"name":"user","value":"standard_user"},{"name":"password","value":"secret_sauce"}],"stepsCount":0,"shouldDisplayMessage":false,"attachmentsCount":1,"hasContent":true,"attachmentStep":false},{"name":"Добавление товара с именем: 'Sauce Labs Backpack' в корзину и нажатие на кнопку","time":{"start":1757004751955,"stop":1757004751984,"duration":29},"status":"broken","statusMessage":"invalid selector: Unable to locate an element with the xpath expression Sauce Labs Backpack because of the following error:\nSyntaxError: Failed to execute 'evaluate' on 'Document': The string 'Sauce Labs Backpack' is not a valid XPath expression.\n  (Session info: chrome=139.0.7258.154)\nFor documentation on this error, please visit: https://www.selenium.dev/documentation/webdriver/troubleshooting/errors#invalid-selector-exception\nBuild info: version: '4.35.0', revision: '1c58e5028b'\nSystem info: os.name: 'Linux', os.arch: 'amd64', os.version: '6.11.0-1018-azure', java.version: '17.0.16'\nDriver info: org.openqa.selenium.chrome.ChromeDriver\nCommand: [8d4ad1212d1ebb1240f0f0ace2a90d6e, findElement {using=xpath, value=Sauce Labs Backpack}]\nCapabilities {acceptInsecureCerts: false, browserName: chrome, browserVersion: 139.0.7258.154, chrome: {chromedriverVersion: 139.0.7258.154 (9e0d6b2b47f..., userDataDir: /tmp/.org.chromium.Chromium...}, fedcm:accounts: true, goog:chromeOptions: {debuggerAddress: localhost:46437}, networkConnectionEnabled: false, pageLoadStrategy: normal, platformName: linux, proxy: Proxy(), se:cdp: ws://localhost:46437/devtoo..., se:cdpVersion: 139.0.7258.154, setWindowRect: true, strictFileInteractability: false, timeouts: {implicit: 0, pageLoad: 300000, script: 30000}, unhandledPromptBehavior: dismiss and notify, webauthn:extension:credBlob: true, webauthn:extension:largeBlob: true, webauthn:extension:minPinLength: true, webauthn:extension:prf: true, webauthn:virtualAuthenticators: true}\nSession ID: 8d4ad1212d1ebb1240f0f0ace2a90d6e","statusTrace":"org.openqa.selenium.InvalidSelectorException: invalid selector: Unable to locate an element with the xpath expression Sauce Labs Backpack because of the following error:\nSyntaxError: Failed to execute 'evaluate' on 'Document': The string 'Sauce Labs Backpack' is not a valid XPath expression.\n  (Session info: chrome=139.0.7258.154)\nFor documentation on this error, please visit: https://www.selenium.dev/documentation/webdriver/troubleshooting/errors#invalid-selector-exception\nBuild info: version: '4.35.0', revision: '1c58e5028b'\nSystem info: os.name: 'Linux', os.arch: 'amd64', os.version: '6.11.0-1018-azure', java.version: '17.0.16'\nDriver info: org.openqa.selenium.chrome.ChromeDriver\nCommand: [8d4ad1212d1ebb1240f0f0ace2a90d6e, findElement {using=xpath, value=Sauce Labs Backpack}]\nCapabilities {acceptInsecureCerts: false, browserName: chrome, browserVersion: 139.0.7258.154, chrome: {chromedriverVersion: 139.0.7258.154 (9e0d6b2b47f..., userDataDir: /tmp/.org.chromium.Chromium...}, fedcm:accounts: true, goog:chromeOptions: {debuggerAddress: localhost:46437}, networkConnectionEnabled: false, pageLoadStrategy: normal, platformName: linux, proxy: Proxy(), se:cdp: ws://localhost:46437/devtoo..., se:cdpVersion: 139.0.7258.154, setWindowRect: true, strictFileInteractability: false, timeouts: {implicit: 0, pageLoad: 300000, script: 30000}, unhandledPromptBehavior: dismiss and notify, webauthn:extension:credBlob: true, webauthn:extension:largeBlob: true, webauthn:extension:minPinLength: true, webauthn:extension:prf: true, webauthn:virtualAuthenticators: true}\nSession ID: 8d4ad1212d1ebb1240f0f0ace2a90d6e\n\tat java.base/jdk.internal.reflect.NativeConstructorAccessorImpl.newInstance0(Native Method)\n\tat java.base/jdk.internal.reflect.NativeConstructorAccessorImpl.newInstance(NativeConstructorAccessorImpl.java:77)\n\tat java.base/jdk.internal.reflect.DelegatingConstructorAccessorImpl.newInstance(DelegatingConstructorAccessorImpl.java:45)\n\tat java.base/java.lang.reflect.Constructor.newInstanceWithCaller(Constructor.java:500)\n\tat java.base/java.lang.reflect.Constructor.newInstance(Constructor.java:481)\n\tat org.openqa.selenium.remote.ErrorCodec.decode(ErrorCodec.java:167)\n\tat org.openqa.selenium.remote.codec.w3c.W3CHttpResponseCodec.decode(W3CHttpResponseCodec.java:138)\n\tat org.openqa.selenium.remote.codec.w3c.W3CHttpResponseCodec.decode(W3CHttpResponseCodec.java:50)\n\tat org.openqa.selenium.remote.HttpCommandExecutor.execute(HttpCommandExecutor.java:215)\n\tat org.openqa.selenium.remote.service.DriverCommandExecutor.invokeExecute(DriverCommandExecutor.java:216)\n\tat org.openqa.selenium.remote.service.DriverCommandExecutor.execute(DriverCommandExecutor.java:174)\n\tat org.openqa.selenium.remote.RemoteWebDriver.execute(RemoteWebDriver.java:557)\n\tat org.openqa.selenium.remote.ElementLocation$ElementFinder$2.findElement(ElementLocation.java:165)\n\tat org.openqa.selenium.remote.ElementLocation.findElement(ElementLocation.java:59)\n\tat org.openqa.selenium.remote.RemoteWebDriver.findElement(RemoteWebDriver.java:380)\n\tat org.openqa.selenium.remote.RemoteWebDriver.findElement(RemoteWebDriver.java:374)\n\tat pages.ProductsPage.addToCart(ProductsPage.java:79)\n\tat steps.ProductStep.checkContinue(ProductStep.java:34)\n\tat tests.CartTest.checkContinueShopping(CartTest.java:61)\n\tat java.base/jdk.internal.reflect.NativeMethodAccessorImpl.invoke0(Native Method)\n\tat java.base/jdk.internal.reflect.NativeMethodAccessorImpl.invoke(NativeMethodAccessorImpl.java:77)\n\tat java.base/jdk.internal.reflect.DelegatingMethodAccessorImpl.invoke(DelegatingMethodAccessorImpl.java:43)\n\tat java.base/java.lang.reflect.Method.invoke(Method.java:569)\n\tat org.testng.internal.invokers.MethodInvocationHelper.invokeMethod(MethodInvocationHelper.java:141)\n\tat org.testng.internal.invokers.TestInvoker.invokeMethod(TestInvoker.java:687)\n\tat org.testng.internal.invokers.TestInvoker.retryFailed(TestInvoker.java:269)\n\tat org.testng.internal.invokers.MethodRunner.runInSequence(MethodRunner.java:76)\n\tat org.testng.internal.invokers.TestInvoker$MethodInvocationAgent.invoke(TestInvoker.java:995)\n\tat org.testng.internal.invokers.TestInvoker.invokeTestMethods(TestInvoker.java:203)\n\tat org.testng.internal.invokers.TestMethodWorker.invokeTestMethods(TestMethodWorker.java:154)\n\tat org.testng.internal.invokers.TestMethodWorker.run(TestMethodWorker.java:134)\n\tat java.base/java.util.ArrayList.forEach(ArrayList.java:1511)\n\tat org.testng.TestRunner.privateRun(TestRunner.java:741)\n\tat org.testng.TestRunner.run(TestRunner.java:616)\n\tat org.testng.SuiteRunner.runTest(SuiteRunner.java:421)\n\tat org.testng.SuiteRunner$SuiteWorker.run(SuiteRunner.java:463)\n\tat org.testng.internal.thread.ThreadUtil.lambda$execute$0(ThreadUtil.java:64)\n\tat java.base/java.util.concurrent.FutureTask.run(FutureTask.java:264)\n\tat java.base/java.util.concurrent.ThreadPoolExecutor.runWorker(ThreadPoolExecutor.java:1136)\n\tat java.base/java.util.concurrent.ThreadPoolExecutor$Worker.run(ThreadPoolExecutor.java:635)\n\tat java.base/java.lang.Thread.run(Thread.java:840)\n","steps":[],"attachments":[],"parameters":[{"name":"product","value":"Sauce Labs Backpack"}],"stepsCount":0,"shouldDisplayMessage":true,"attachmentsCount":0,"hasContent":true,"attachmentStep":false}],"attachments":[],"parameters":[],"stepsCount":2,"shouldDisplayMessage":false,"attachmentsCount":1,"hasContent":true,"attachmentStep":false},"afterStages":[{"name":"tearDown","time":{"start":1757004752049,"stop":1757004752192,"duration":143},"description":"","status":"passed","steps":[],"attachments":[{"uid":"11f44efbddc8edef","name":"screenshot","source":"11f44efbddc8edef.png","type":"image/png","size":74351}],"parameters":[],"stepsCount":0,"shouldDisplayMessage":false,"attachmentsCount":1,"hasContent":true,"attachmentStep":false}],"labels":[{"name":"package","value":"tests.CartTest"},{"name":"testClass","value":"tests.CartTest"},{"name":"testMethod","value":"checkContinueShopping"},{"name":"parentSuite","value":"Smoke Test SauceDemo"},{"name":"suite","value":"Chrome"},{"name":"subSuite","value":"tests.CartTest"},{"name":"host","value":"pkrvm7jw40e0xgp"},{"name":"thread","value":"2573@pkrvm7jw40e0xgp.TestNG-tests-1(19)"},{"name":"framework","value":"testng"},{"name":"language","value":"java"},{"name":"epic","value":"SauceDemo back to product page"},{"name":"lead","value":"Timofei"},{"name":"owner","value":"Alisa"},{"name":"feature","value":"Product page"},{"name":"story","value":"Test of return to product page"},{"name":"severity","value":"critical"},{"name":"resultFormat","value":"allure2"}],"parameters":[{"name":"browser","value":"chrome"}],"links":[{"name":"SD_02/3","url":"https://jira.com/issues/SD_02/3","type":"issue"},{"name":"SD-02","url":"https://qase.com/cases/SD-02","type":"tms"},{"name":"https://www.saucedemo.com/","type":"custom"}],"hidden":false,"retry":false,"extra":{"severity":"critical","owner":"Alisa","retries":[{"uid":"9d8e42ac4ba0816f","status":"skipped","statusDetails":"invalid selector: Unable to locate an element with the xpath expression Sauce Labs Backpack because of the following error:\nSyntaxError: Failed to execute 'evaluate' on 'Document': The string 'Sauce Labs Backpack' is not a valid XPath expression.\n  (Session info: chrome=139.0.7258.154)\nFor documentation on this error, please visit: https://www.selenium.dev/documentation/webdriver/troubleshooting/errors#invalid-selector-exception\nBuild info: version: '4.35.0', revision: '1c58e5028b'\nSystem info: os.name: 'Linux', os.arch: 'amd64', os.version: '6.11.0-1018-azure', java.version: '17.0.16'\nDriver info: org.openqa.selenium.chrome.ChromeDriver\nCommand: [3f23508604cd77828ac58df7b26208e3, findElement {using=xpath, value=Sauce Labs Backpack}]\nCapabilities {acceptInsecureCerts: false, browserName: chrome, browserVersion: 139.0.7258.154, chrome: {chromedriverVersion: 139.0.7258.154 (9e0d6b2b47f..., userDataDir: /tmp/.org.chromium.Chromium...}, fedcm:accounts: true, goog:chromeOptions: {debuggerAddress: localhost:42071}, networkConnectionEnabled: false, pageLoadStrategy: normal, platformName: linux, proxy: Proxy(), se:cdp: ws://localhost:42071/devtoo..., se:cdpVersion: 139.0.7258.154, setWindowRect: true, strictFileInteractability: false, timeouts: {implicit: 0, pageLoad: 300000, script: 30000}, unhandledPromptBehavior: dismiss and notify, webauthn:extension:credBlob: true, webauthn:extension:largeBlob: true, webauthn:extension:minPinLength: true, webauthn:extension:prf: true, webauthn:virtualAuthenticators: true}\nSession ID: 3f23508604cd77828ac58df7b26208e3","time":{"start":1757004749837,"stop":1757004750602,"duration":765}},{"uid":"57e9bd6feb34bf09","status":"skipped","statusDetails":"invalid selector: Unable to locate an element with the xpath expression Sauce Labs Backpack because of the following error:\nSyntaxError: Failed to execute 'evaluate' on 'Document': The string 'Sauce Labs Backpack' is not a valid XPath expression.\n  (Session info: chrome=139.0.7258.154)\nFor documentation on this error, please visit: https://www.selenium.dev/documentation/webdriver/troubleshooting/errors#invalid-selector-exception\nBuild info: version: '4.35.0', revision: '1c58e5028b'\nSystem info: os.name: 'Linux', os.arch: 'amd64', os.version: '6.11.0-1018-azure', java.version: '17.0.16'\nDriver info: org.openqa.selenium.chrome.ChromeDriver\nCommand: [a55d142f09f998aedbb8fa6b9b749d65, findElement {using=xpath, value=Sauce Labs Backpack}]\nCapabilities {acceptInsecureCerts: false, browserName: chrome, browserVersion: 139.0.7258.154, chrome: {chromedriverVersion: 139.0.7258.154 (9e0d6b2b47f..., userDataDir: /tmp/.org.chromium.Chromium...}, fedcm:accounts: true, goog:chromeOptions: {debuggerAddress: localhost:37311}, networkConnectionEnabled: false, pageLoadStrategy: normal, platformName: linux, proxy: Proxy(), se:cdp: ws://localhost:37311/devtoo..., se:cdpVersion: 139.0.7258.154, setWindowRect: true, strictFileInteractability: false, timeouts: {implicit: 0, pageLoad: 300000, script: 30000}, unhandledPromptBehavior: dismiss and notify, webauthn:extension:credBlob: true, webauthn:extension:largeBlob: true, webauthn:extension:minPinLength: true, webauthn:extension:prf: true, webauthn:virtualAuthenticators: true}\nSession ID: a55d142f09f998aedbb8fa6b9b749d65","time":{"start":1757004748770,"stop":1757004749445,"duration":675}},{"uid":"8b00a9de129a7b42","status":"skipped","statusDetails":"invalid selector: Unable to locate an element with the xpath expression Sauce Labs Backpack because of the following error:\nSyntaxError: Failed to execute 'evaluate' on 'Document': The string 'Sauce Labs Backpack' is not a valid XPath expression.\n  (Session info: chrome=139.0.7258.154)\nFor documentation on this error, please visit: https://www.selenium.dev/documentation/webdriver/troubleshooting/errors#invalid-selector-exception\nBuild info: version: '4.35.0', revision: '1c58e5028b'\nSystem info: os.name: 'Linux', os.arch: 'amd64', os.version: '6.11.0-1018-azure', java.version: '17.0.16'\nDriver info: org.openqa.selenium.chrome.ChromeDriver\nCommand: [eda75e1ac32dfce305b0bd0d3e343a5f, findElement {using=xpath, value=Sauce Labs Backpack}]\nCapabilities {acceptInsecureCerts: false, browserName: chrome, browserVersion: 139.0.7258.154, chrome: {chromedriverVersion: 139.0.7258.154 (9e0d6b2b47f..., userDataDir: /tmp/.org.chromium.Chromium...}, fedcm:accounts: true, goog:chromeOptions: {debuggerAddress: localhost:46087}, networkConnectionEnabled: false, pageLoadStrategy: normal, platformName: linux, proxy: Proxy(), se:cdp: ws://localhost:46087/devtoo..., se:cdpVersion: 139.0.7258.154, setWindowRect: true, strictFileInteractability: false, timeouts: {implicit: 0, pageLoad: 300000, script: 30000}, unhandledPromptBehavior: dismiss and notify, webauthn:extension:credBlob: true, webauthn:extension:largeBlob: true, webauthn:extension:minPinLength: true, webauthn:extension:prf: true, webauthn:virtualAuthenticators: true}\nSession ID: eda75e1ac32dfce305b0bd0d3e343a5f","time":{"start":1757004747581,"stop":1757004748382,"duration":801}}],"categories":[{"name":"Test defects","matchedStatuses":[],"flaky":false}],"tags":[]},"source":"18da6c29e5410d43.json","parameterValues":["chrome"]}